============================= test session starts ==============================
platform linux -- Python 3.11.6, pytest-7.4.0, pluggy-1.3.0
rootdir: /home/mrigankp/PropertyEvalMAIN/autogen
plugins: anyio-3.7.1, timeout-2.2.0, hypothesis-6.82.6
collected 404 items / 25 errors / 4 deselected / 400 selected

tests/test_Diff_769.py .                                                 [  0%]
tests/test_Extract_460.py F                                              [  0%]
tests/test_Find_Max_418.py .                                             [  0%]
tests/test_Find_Max_Length_562.py F                                      [  1%]
tests/test_Find_Min_457.py .                                             [  1%]
tests/test_Find_Min_Length_95.py .                                       [  1%]
tests/test_Split_554.py .                                                [  1%]
tests/test_Split_629.py .                                                [  2%]
tests/test__sum_798.py .                                                 [  2%]
tests/test_add_dict_to_tuple_720.py .                                    [  2%]
tests/test_add_lists_106.py .                                            [  2%]
tests/test_add_nested_tuples_401.py .                                    [  3%]
tests/test_add_pairwise_470.py .                                         [  3%]
tests/test_add_string_390.py F                                           [  3%]
tests/test_add_tuple_750.py .                                            [  3%]
tests/test_adjac_630.py .                                                [  4%]
tests/test_all_Bits_Set_In_The_Given_Range_228.py .                      [  4%]
tests/test_all_Characters_Same_741.py .                                  [  4%]
tests/test_all_unique_281.py .                                           [  4%]
tests/test_amicable_numbers_sum_123.py F                                 [  5%]
tests/test_and_tuples_429.py .                                           [  5%]
tests/test_angle_complex_124.py .                                        [  5%]
tests/test_area_polygon_163.py .                                         [  5%]
tests/test_area_tetrahedron_742.py .                                     [  6%]
tests/test_armstrong_number_598.py .                                     [  6%]
tests/test_ascii_value_269.py .                                          [  6%]
tests/test_babylonian_squareroot_246.py .                                [  6%]
tests/test_bell_Number_608.py .                                          [  7%]
tests/test_bell_number_67.py .                                           [  7%]
tests/test_big_diff_588.py .                                             [  7%]
tests/test_big_sum_476.py .                                              [  7%]
tests/test_binomial_Coeff_592.py F                                       [  8%]
tests/test_bitwise_xor_399.py .                                          [  8%]
tests/test_cal_sum_448.py .                                              [  8%]
tests/test_capital_words_spaces_748.py .                                 [  8%]
tests/test_catalan_number_583.py .                                       [  9%]
tests/test_centered_hexagonal_number_86.py .                             [  9%]
tests/test_change_date_format_427.py .                                   [  9%]
tests/test_check_Consecutive_472.py 